<?xml version="1.0" encoding="UTF-8"?>
<testng-results ignored="0" total="3" passed="2" failed="1" skipped="0">
  <reporter-output>
  </reporter-output>
  <suite started-at="2025-06-16T08:29:34 IST" name="Suite" finished-at="2025-06-16T08:30:02 IST" duration-ms="28310">
    <groups>
      <group name="RegressionSuite">
        <method signature="AddLowestPriceProductToCartTests.AddLowestPriceProductToCartTests()[pri:0, instance:inventoryTests.AddLowestPriceProductToCartTests@2aceadd4]" name="AddLowestPriceProductToCartTests" class="inventoryTests.AddLowestPriceProductToCartTests"/>
      </group> <!-- RegressionSuite -->
      <group name="SmokeSuite">
        <method signature="AddProductToCartTest.tc_001_AddProductToCartTest()[pri:0, instance:inventoryTests.AddProductToCartTest@55fe41ea]" name="tc_001_AddProductToCartTest" class="inventoryTests.AddProductToCartTest"/>
      </group> <!-- SmokeSuite -->
    </groups>
    <test started-at="2025-06-16T08:29:34 IST" name="Test" finished-at="2025-06-16T08:30:02 IST" duration-ms="28310">
      <class name="inventoryTests.AddLowestPriceProductToCartTests">
        <test-method is-config="true" signature="bcConfig()[pri:0, instance:inventoryTests.AddLowestPriceProductToCartTests@2aceadd4]" started-at="2025-06-16T08:29:53 IST" name="bcConfig" finished-at="2025-06-16T08:29:56 IST" duration-ms="2917" status="PASS">
          <reporter-output>
          </reporter-output>
        </test-method> <!-- bcConfig -->
        <test-method is-config="true" signature="bmConfig()[pri:0, instance:inventoryTests.AddLowestPriceProductToCartTests@2aceadd4]" started-at="2025-06-16T08:29:56 IST" name="bmConfig" finished-at="2025-06-16T08:29:58 IST" duration-ms="2026" status="PASS">
          <reporter-output>
          </reporter-output>
        </test-method> <!-- bmConfig -->
        <test-method signature="AddLowestPriceProductToCartTests()[pri:0, instance:inventoryTests.AddLowestPriceProductToCartTests@2aceadd4]" started-at="2025-06-16T08:29:58 IST" name="AddLowestPriceProductToCartTests" finished-at="2025-06-16T08:30:00 IST" duration-ms="2129" status="PASS">
          <reporter-output>
          </reporter-output>
        </test-method> <!-- AddLowestPriceProductToCartTests -->
        <test-method is-config="true" signature="amConfig()[pri:0, instance:inventoryTests.AddLowestPriceProductToCartTests@2aceadd4]" started-at="2025-06-16T08:30:00 IST" name="amConfig" finished-at="2025-06-16T08:30:01 IST" duration-ms="697" status="PASS">
          <reporter-output>
          </reporter-output>
        </test-method> <!-- amConfig -->
        <test-method is-config="true" signature="acConfig()[pri:0, instance:inventoryTests.AddLowestPriceProductToCartTests@2aceadd4]" started-at="2025-06-16T08:30:01 IST" name="acConfig" finished-at="2025-06-16T08:30:02 IST" duration-ms="1582" status="PASS">
          <reporter-output>
          </reporter-output>
        </test-method> <!-- acConfig -->
      </class> <!-- inventoryTests.AddLowestPriceProductToCartTests -->
      <class name="inventoryTests.AddProductToCartTest">
        <test-method is-config="true" signature="bsConfig()[pri:0, instance:inventoryTests.AddProductToCartTest@55fe41ea]" started-at="2025-06-16T08:29:34 IST" name="bsConfig" finished-at="2025-06-16T08:29:34 IST" duration-ms="18" status="PASS">
          <reporter-output>
          </reporter-output>
        </test-method> <!-- bsConfig -->
        <test-method is-config="true" signature="bcConfig()[pri:0, instance:inventoryTests.AddProductToCartTest@55fe41ea]" started-at="2025-06-16T08:29:35 IST" name="bcConfig" finished-at="2025-06-16T08:29:40 IST" duration-ms="5609" status="PASS">
          <reporter-output>
          </reporter-output>
        </test-method> <!-- bcConfig -->
        <test-method is-config="true" signature="bmConfig()[pri:0, instance:inventoryTests.AddProductToCartTest@55fe41ea]" started-at="2025-06-16T08:29:40 IST" name="bmConfig" finished-at="2025-06-16T08:29:42 IST" duration-ms="1183" status="PASS">
          <reporter-output>
          </reporter-output>
        </test-method> <!-- bmConfig -->
        <test-method signature="sample()[pri:0, instance:inventoryTests.AddProductToCartTest@55fe41ea]" started-at="2025-06-16T08:29:42 IST" name="sample" finished-at="2025-06-16T08:29:42 IST" duration-ms="70" status="FAIL">
          <exception class="java.lang.AssertionError">
            <message>
              <![CDATA[null]]>
            </message>
            <full-stacktrace>
              <![CDATA[java.lang.AssertionError: null
at org.testng.Assert.fail(Assert.java:111)
at org.testng.Assert.fail(Assert.java:116)
at inventoryTests.AddProductToCartTest.sample(AddProductToCartTest.java:52)
at java.base/jdk.internal.reflect.DirectMethodHandleAccessor.invoke(DirectMethodHandleAccessor.java:103)
at java.base/java.lang.reflect.Method.invoke(Method.java:580)
at org.testng.internal.invokers.MethodInvocationHelper.invokeMethod(MethodInvocationHelper.java:141)
at org.testng.internal.invokers.TestInvoker.invokeMethod(TestInvoker.java:687)
at org.testng.internal.invokers.TestInvoker.invokeTestMethod(TestInvoker.java:230)
at org.testng.internal.invokers.MethodRunner.runInSequence(MethodRunner.java:63)
at org.testng.internal.invokers.TestInvoker$MethodInvocationAgent.invoke(TestInvoker.java:995)
at org.testng.internal.invokers.TestInvoker.invokeTestMethods(TestInvoker.java:203)
at org.testng.internal.invokers.TestMethodWorker.invokeTestMethods(TestMethodWorker.java:154)
at org.testng.internal.invokers.TestMethodWorker.run(TestMethodWorker.java:134)
at java.base/java.util.ArrayList.forEach(ArrayList.java:1596)
at org.testng.TestRunner.privateRun(TestRunner.java:741)
at org.testng.TestRunner.run(TestRunner.java:616)
at org.testng.SuiteRunner.runTest(SuiteRunner.java:421)
at org.testng.SuiteRunner.runSequentially(SuiteRunner.java:413)
at org.testng.SuiteRunner.privateRun(SuiteRunner.java:373)
at org.testng.SuiteRunner.run(SuiteRunner.java:312)
at org.testng.SuiteRunnerWorker.runSuite(SuiteRunnerWorker.java:52)
at org.testng.SuiteRunnerWorker.run(SuiteRunnerWorker.java:95)
at org.testng.TestNG.runSuitesSequentially(TestNG.java:1274)
at org.testng.TestNG.runSuitesLocally(TestNG.java:1208)
at org.testng.TestNG.runSuites(TestNG.java:1112)
at org.testng.TestNG.run(TestNG.java:1079)
at org.testng.remote.AbstractRemoteTestNG.run(AbstractRemoteTestNG.java:115)
at org.testng.remote.RemoteTestNG.initAndRun(RemoteTestNG.java:293)
at org.testng.remote.RemoteTestNG.main(RemoteTestNG.java:91)
]]>
            </full-stacktrace>
          </exception> <!-- java.lang.AssertionError -->
          <reporter-output>
          </reporter-output>
        </test-method> <!-- sample -->
        <test-method is-config="true" signature="amConfig()[pri:0, instance:inventoryTests.AddProductToCartTest@55fe41ea]" started-at="2025-06-16T08:29:43 IST" name="amConfig" finished-at="2025-06-16T08:29:43 IST" duration-ms="667" status="PASS">
          <reporter-output>
          </reporter-output>
        </test-method> <!-- amConfig -->
        <test-method is-config="true" signature="bmConfig()[pri:0, instance:inventoryTests.AddProductToCartTest@55fe41ea]" started-at="2025-06-16T08:29:43 IST" name="bmConfig" finished-at="2025-06-16T08:29:44 IST" duration-ms="674" status="PASS">
          <reporter-output>
          </reporter-output>
        </test-method> <!-- bmConfig -->
        <test-method signature="tc_001_AddProductToCartTest()[pri:0, instance:inventoryTests.AddProductToCartTest@55fe41ea]" started-at="2025-06-16T08:29:44 IST" name="tc_001_AddProductToCartTest" finished-at="2025-06-16T08:29:51 IST" duration-ms="7304" status="PASS">
          <reporter-output>
          </reporter-output>
        </test-method> <!-- tc_001_AddProductToCartTest -->
        <test-method is-config="true" signature="amConfig()[pri:0, instance:inventoryTests.AddProductToCartTest@55fe41ea]" started-at="2025-06-16T08:29:51 IST" name="amConfig" finished-at="2025-06-16T08:29:52 IST" duration-ms="391" status="PASS">
          <reporter-output>
          </reporter-output>
        </test-method> <!-- amConfig -->
        <test-method is-config="true" signature="acConfig()[pri:0, instance:inventoryTests.AddProductToCartTest@55fe41ea]" started-at="2025-06-16T08:29:52 IST" name="acConfig" finished-at="2025-06-16T08:29:53 IST" duration-ms="1451" status="PASS">
          <reporter-output>
          </reporter-output>
        </test-method> <!-- acConfig -->
        <test-method is-config="true" signature="asConfig()[pri:0, instance:inventoryTests.AddProductToCartTest@55fe41ea]" started-at="2025-06-16T08:30:03 IST" name="asConfig" finished-at="2025-06-16T08:30:03 IST" duration-ms="1" status="PASS">
          <reporter-output>
          </reporter-output>
        </test-method> <!-- asConfig -->
      </class> <!-- inventoryTests.AddProductToCartTest -->
    </test> <!-- Test -->
  </suite> <!-- Suite -->
</testng-results>
